C:\USERS\GARY\DOCUMENTS\VISUAL STUDIO 2012\PROJECTS\DUNGEONSANDDRAGONS\DUNGEONSANDDRAGONS\DEBUG\MAIN.OBJ
C:\USERS\GARY\DOCUMENTS\VISUAL STUDIO 2012\PROJECTS\DUNGEONSANDDRAGONS\DUNGEONSANDDRAGONS\DEBUG\VC110.PDB
C:\USERS\GARY\DOCUMENTS\VISUAL STUDIO 2012\PROJECTS\DUNGEONSANDDRAGONS\DUNGEONSANDDRAGONS\DEBUG\GAME.OBJ
C:\USERS\GARY\DOCUMENTS\VISUAL STUDIO 2012\PROJECTS\DUNGEONSANDDRAGONS\DUNGEONSANDDRAGONS\DEBUG\SCREEN.OBJ
C:\USERS\GARY\DOCUMENTS\VISUAL STUDIO 2012\PROJECTS\DUNGEONSANDDRAGONS\DUNGEONSANDDRAGONS\DEBUG\SCREENMANAGER.OBJ
C:\USERS\GARY\DOCUMENTS\VISUAL STUDIO 2012\PROJECTS\DUNGEONSANDDRAGONS\DEBUG\DUNGEONSANDDRAGONS.ILK
C:\USERS\GARY\DOCUMENTS\VISUAL STUDIO 2012\PROJECTS\DUNGEONSANDDRAGONS\DEBUG\DUNGEONSANDDRAGONS.EXE
C:\USERS\GARY\DOCUMENTS\VISUAL STUDIO 2012\PROJECTS\DUNGEONSANDDRAGONS\DEBUG\DUNGEONSANDDRAGONS.PDB
C:\Users\Gary\Documents\visual studio 2012\Projects\DungeonsAndDragons\DungeonsAndDragons\Debug\Game.obj
C:\Users\Gary\Documents\visual studio 2012\Projects\DungeonsAndDragons\DungeonsAndDragons\Debug\Main.obj
C:\Users\Gary\Documents\visual studio 2012\Projects\DungeonsAndDragons\DungeonsAndDragons\Debug\Screen.obj
C:\Users\Gary\Documents\visual studio 2012\Projects\DungeonsAndDragons\DungeonsAndDragons\Debug\ScreenManager.obj
C:\Users\Gary\Documents\visual studio 2012\Projects\DungeonsAndDragons\DungeonsAndDragons\Debug\cl.command.1.tlog
C:\Users\Gary\Documents\visual studio 2012\Projects\DungeonsAndDragons\DungeonsAndDragons\Debug\CL.read.1.tlog
C:\Users\Gary\Documents\visual studio 2012\Projects\DungeonsAndDragons\DungeonsAndDragons\Debug\CL.write.1.tlog
C:\Users\Gary\Documents\visual studio 2012\Projects\DungeonsAndDragons\DungeonsAndDragons\Debug\link-cvtres.read.1.tlog
C:\Users\Gary\Documents\visual studio 2012\Projects\DungeonsAndDragons\DungeonsAndDragons\Debug\link-cvtres.write.1.tlog
C:\Users\Gary\Documents\visual studio 2012\Projects\DungeonsAndDragons\DungeonsAndDragons\Debug\link-rc.read.1.tlog
C:\Users\Gary\Documents\visual studio 2012\Projects\DungeonsAndDragons\DungeonsAndDragons\Debug\link-rc.write.1.tlog
C:\Users\Gary\Documents\visual studio 2012\Projects\DungeonsAndDragons\DungeonsAndDragons\Debug\link.6160-cvtres.read.1.tlog
C:\Users\Gary\Documents\visual studio 2012\Projects\DungeonsAndDragons\DungeonsAndDragons\Debug\link.6160-cvtres.write.1.tlog
C:\Users\Gary\Documents\visual studio 2012\Projects\DungeonsAndDragons\DungeonsAndDragons\Debug\link.6160-rc.read.1.tlog
C:\Users\Gary\Documents\visual studio 2012\Projects\DungeonsAndDragons\DungeonsAndDragons\Debug\link.6160-rc.write.1.tlog
C:\Users\Gary\Documents\visual studio 2012\Projects\DungeonsAndDragons\DungeonsAndDragons\Debug\link.6160.read.1.tlog
C:\Users\Gary\Documents\visual studio 2012\Projects\DungeonsAndDragons\DungeonsAndDragons\Debug\link.6160.write.1.tlog
C:\Users\Gary\Documents\visual studio 2012\Projects\DungeonsAndDragons\DungeonsAndDragons\Debug\link.command.1.tlog
C:\Users\Gary\Documents\visual studio 2012\Projects\DungeonsAndDragons\DungeonsAndDragons\Debug\link.read.1.tlog
C:\Users\Gary\Documents\visual studio 2012\Projects\DungeonsAndDragons\DungeonsAndDragons\Debug\link.write.1.tlog
C:\Users\Gary\Documents\visual studio 2012\Projects\DungeonsAndDragons\DungeonsAndDragons\Debug\vc110.idb
C:\Users\Gary\Documents\visual studio 2012\Projects\DungeonsAndDragons\DungeonsAndDragons\Debug\vc110.pdb
C:\Users\Gary\Documents\Visual Studio 2012\Projects\DungeonsAndDragons\Debug\DungeonsAndDragons.pdb
C:\Users\Gary\Documents\Visual Studio 2012\Projects\DungeonsAndDragons\Debug\DungeonsAndDragons.exe
C:\Users\Gary\Documents\Visual Studio 2012\Projects\DungeonsAndDragons\Debug\DungeonsAndDragons.ilk
